<?xml version="1.0" encoding="UTF-8"?>
<testsuite xmlns:xsi="http://www.w3.org/2001/XMLSchema-instance" xsi:noNamespaceSchemaLocation="https://maven.apache.org/surefire/maven-surefire-plugin/xsd/surefire-test-report.xsd" name="org.compsysmed.ocsana.internal.algorithms.mhs.BergeAlgorithmTest" time="3.179" tests="2" errors="0" skipped="0" failures="0">
  <properties>
[...]
</properties>
  <testcase name="smallHypergraphTransversalShouldWork" classname="org.compsysmed.ocsana.internal.algorithms.mhs.BergeAlgorithmTest" time="0.015"/>
  <testcase name="hugeHypergraphCutoffTransversalShouldWork" classname="org.compsysmed.ocsana.internal.algorithms.mhs.BergeAlgorithmTest" time="2.984"/>
</testsuite>